ERROR:https://2ch.hk/b/arch/res/271434165.html - unsuccessful request (404)
ERROR:https://2ch.hk/b/ - unsuccessful request (401)
ERROR:https://2ch.hk/b/ - unsuccessful request (401)
ERROR:https://2ch.hk/b/ - unsuccessful request (401)
INFO:Make asstets directory tmp/towardsdatascience-com-learning-to-use-progress-bars-in-python-2dc436de81e5_files
INFO:Downloaded https://towardsdatascience.com/osd.xml
INFO:Downloaded https://towardsdatascience.com/learning-to-use-progress-bars-in-python-2dc436de81e5
INFO:Downloaded https://towardsdatascience.com/learning-to-use-progress-bars-in-python-2dc436de81e5
INFO:Downloaded https://towardsdatascience.com/learning-to-use-progress-bars-in-python-2dc436de81e5
INFO:Downloaded https://towardsdatascience.com/learning-to-use-progress-bars-in-python-2dc436de81e5
INFO:Downloaded https://towardsdatascience.com/learning-to-use-progress-bars-in-python-2dc436de81e5
INFO:Downloaded https://towardsdatascience.com/learning-to-use-progress-bars-in-python-2dc436de81e5
INFO:Downloaded https://towardsdatascience.com/learning-to-use-progress-bars-in-python-2dc436de81e5
INFO:Downloaded https://towardsdatascience.com/learning-to-use-progress-bars-in-python-2dc436de81e5
INFO:Downloaded https://towardsdatascience.com/learning-to-use-progress-bars-in-python-2dc436de81e5
INFO:Downloaded https://towardsdatascience.com/learning-to-use-progress-bars-in-python-2dc436de81e5
INFO:Downloaded https://towardsdatascience.com/learning-to-use-progress-bars-in-python-2dc436de81e5
INFO:Downloaded https://towardsdatascience.com/learning-to-use-progress-bars-in-python-2dc436de81e5
INFO:Downloaded https://towardsdatascience.com/learning-to-use-progress-bars-in-python-2dc436de81e5
INFO:Downloaded https://towardsdatascience.com/learning-to-use-progress-bars-in-python-2dc436de81e5
INFO:Downloaded https://towardsdatascience.com/learning-to-use-progress-bars-in-python-2dc436de81e5
INFO:Downloaded https://towardsdatascience.com/learning-to-use-progress-bars-in-python-2dc436de81e5
INFO:Downloaded https://towardsdatascience.com/learning-to-use-progress-bars-in-python-2dc436de81e5
INFO:Downloaded https://towardsdatascience.com/learning-to-use-progress-bars-in-python-2dc436de81e5
INFO:Make asstets directory tmp/towardsdatascience-com-learning-to-use-progress-bars-in-python-2dc436de81e5_files
INFO:Downloaded https://towardsdatascience.com/osd.xml
INFO:Downloaded https://towardsdatascience.com/learning-to-use-progress-bars-in-python-2dc436de81e5
INFO:Downloaded https://towardsdatascience.com/learning-to-use-progress-bars-in-python-2dc436de81e5
INFO:Downloaded https://towardsdatascience.com/learning-to-use-progress-bars-in-python-2dc436de81e5
INFO:Downloaded https://towardsdatascience.com/learning-to-use-progress-bars-in-python-2dc436de81e5
INFO:Downloaded https://towardsdatascience.com/learning-to-use-progress-bars-in-python-2dc436de81e5
INFO:Downloaded https://towardsdatascience.com/learning-to-use-progress-bars-in-python-2dc436de81e5
INFO:Downloaded https://towardsdatascience.com/learning-to-use-progress-bars-in-python-2dc436de81e5
INFO:Downloaded https://towardsdatascience.com/learning-to-use-progress-bars-in-python-2dc436de81e5
INFO:Downloaded https://towardsdatascience.com/learning-to-use-progress-bars-in-python-2dc436de81e5
INFO:Downloaded https://towardsdatascience.com/learning-to-use-progress-bars-in-python-2dc436de81e5
INFO:Downloaded https://towardsdatascience.com/learning-to-use-progress-bars-in-python-2dc436de81e5
INFO:Downloaded https://towardsdatascience.com/learning-to-use-progress-bars-in-python-2dc436de81e5
INFO:Downloaded https://towardsdatascience.com/learning-to-use-progress-bars-in-python-2dc436de81e5
INFO:Downloaded https://towardsdatascience.com/learning-to-use-progress-bars-in-python-2dc436de81e5
INFO:Downloaded https://towardsdatascience.com/learning-to-use-progress-bars-in-python-2dc436de81e5
INFO:Downloaded https://towardsdatascience.com/learning-to-use-progress-bars-in-python-2dc436de81e5
INFO:Downloaded https://towardsdatascience.com/learning-to-use-progress-bars-in-python-2dc436de81e5
INFO:Downloaded https://towardsdatascience.com/learning-to-use-progress-bars-in-python-2dc436de81e5
INFO:Downloaded https://towardsdatascience.com/learning-to-use-progress-bars-in-python-2dc436de81e5
INFO:Downloaded https://towardsdatascience.com/learning-to-use-progress-bars-in-python-2dc436de81e5
INFO:Downloaded https://towardsdatascience.com/learning-to-use-progress-bars-in-python-2dc436de81e5
INFO:Make asstets directory tmp/towardsdatascience-com-learning-to-use-progress-bars-in-python-2dc436de81e5_files
INFO:Downloaded https://towardsdatascience.com/osd.xml
INFO:Downloaded https://towardsdatascience.com/learning-to-use-progress-bars-in-python-2dc436de81e5
INFO:Downloaded https://towardsdatascience.com/learning-to-use-progress-bars-in-python-2dc436de81e5
INFO:Downloaded https://towardsdatascience.com/learning-to-use-progress-bars-in-python-2dc436de81e5
INFO:Downloaded https://towardsdatascience.com/learning-to-use-progress-bars-in-python-2dc436de81e5
INFO:Downloaded https://towardsdatascience.com/learning-to-use-progress-bars-in-python-2dc436de81e5
INFO:Downloaded https://towardsdatascience.com/learning-to-use-progress-bars-in-python-2dc436de81e5
INFO:Downloaded https://towardsdatascience.com/learning-to-use-progress-bars-in-python-2dc436de81e5
INFO:Downloaded https://towardsdatascience.com/learning-to-use-progress-bars-in-python-2dc436de81e5
INFO:Downloaded https://towardsdatascience.com/learning-to-use-progress-bars-in-python-2dc436de81e5
INFO:Downloaded https://towardsdatascience.com/learning-to-use-progress-bars-in-python-2dc436de81e5
INFO:Downloaded https://towardsdatascience.com/learning-to-use-progress-bars-in-python-2dc436de81e5
INFO:Downloaded https://towardsdatascience.com/learning-to-use-progress-bars-in-python-2dc436de81e5
INFO:Downloaded https://towardsdatascience.com/learning-to-use-progress-bars-in-python-2dc436de81e5
INFO:Downloaded https://towardsdatascience.com/learning-to-use-progress-bars-in-python-2dc436de81e5
INFO:Downloaded https://towardsdatascience.com/learning-to-use-progress-bars-in-python-2dc436de81e5
INFO:Downloaded https://towardsdatascience.com/learning-to-use-progress-bars-in-python-2dc436de81e5
INFO:Downloaded https://towardsdatascience.com/learning-to-use-progress-bars-in-python-2dc436de81e5
INFO:Downloaded https://towardsdatascience.com/learning-to-use-progress-bars-in-python-2dc436de81e5
INFO:Downloaded https://towardsdatascience.com/learning-to-use-progress-bars-in-python-2dc436de81e5
INFO:Downloaded https://towardsdatascience.com/learning-to-use-progress-bars-in-python-2dc436de81e5
INFO:Downloaded https://towardsdatascience.com/learning-to-use-progress-bars-in-python-2dc436de81e5
ERROR:0
INFO:Make asstets directory tmp/towardsdatascience-com-learning-to-use-progress-bars-in-python-2dc436de81e5_files
INFO:Downloaded https://towardsdatascience.com/osd.xml
INFO:Downloaded https://towardsdatascience.com/learning-to-use-progress-bars-in-python-2dc436de81e5
INFO:Downloaded https://towardsdatascience.com/learning-to-use-progress-bars-in-python-2dc436de81e5
INFO:Downloaded https://towardsdatascience.com/learning-to-use-progress-bars-in-python-2dc436de81e5
INFO:Downloaded https://towardsdatascience.com/learning-to-use-progress-bars-in-python-2dc436de81e5
INFO:Downloaded https://towardsdatascience.com/learning-to-use-progress-bars-in-python-2dc436de81e5
INFO:Downloaded https://towardsdatascience.com/learning-to-use-progress-bars-in-python-2dc436de81e5
INFO:Downloaded https://towardsdatascience.com/learning-to-use-progress-bars-in-python-2dc436de81e5
INFO:Downloaded https://towardsdatascience.com/learning-to-use-progress-bars-in-python-2dc436de81e5
INFO:Downloaded https://towardsdatascience.com/learning-to-use-progress-bars-in-python-2dc436de81e5
INFO:Downloaded https://towardsdatascience.com/learning-to-use-progress-bars-in-python-2dc436de81e5
INFO:Downloaded https://towardsdatascience.com/learning-to-use-progress-bars-in-python-2dc436de81e5
INFO:Downloaded https://towardsdatascience.com/learning-to-use-progress-bars-in-python-2dc436de81e5
INFO:Downloaded https://towardsdatascience.com/learning-to-use-progress-bars-in-python-2dc436de81e5
INFO:Downloaded https://towardsdatascience.com/learning-to-use-progress-bars-in-python-2dc436de81e5
INFO:Downloaded https://towardsdatascience.com/learning-to-use-progress-bars-in-python-2dc436de81e5
INFO:Downloaded https://towardsdatascience.com/learning-to-use-progress-bars-in-python-2dc436de81e5
INFO:Downloaded https://towardsdatascience.com/learning-to-use-progress-bars-in-python-2dc436de81e5
INFO:Downloaded https://towardsdatascience.com/learning-to-use-progress-bars-in-python-2dc436de81e5
INFO:Downloaded https://towardsdatascience.com/learning-to-use-progress-bars-in-python-2dc436de81e5
INFO:Downloaded https://towardsdatascience.com/learning-to-use-progress-bars-in-python-2dc436de81e5
INFO:Downloaded https://towardsdatascience.com/learning-to-use-progress-bars-in-python-2dc436de81e5
ERROR:0
INFO:Downloaded https://towardsdatascience.com/osd.xml
INFO:Downloaded https://towardsdatascience.com/learning-to-use-progress-bars-in-python-2dc436de81e5
INFO:Downloaded https://towardsdatascience.com/learning-to-use-progress-bars-in-python-2dc436de81e5
INFO:Downloaded https://towardsdatascience.com/learning-to-use-progress-bars-in-python-2dc436de81e5
INFO:Downloaded https://towardsdatascience.com/learning-to-use-progress-bars-in-python-2dc436de81e5
INFO:Downloaded https://towardsdatascience.com/learning-to-use-progress-bars-in-python-2dc436de81e5
INFO:Downloaded https://towardsdatascience.com/learning-to-use-progress-bars-in-python-2dc436de81e5
INFO:Downloaded https://towardsdatascience.com/learning-to-use-progress-bars-in-python-2dc436de81e5
INFO:Downloaded https://towardsdatascience.com/learning-to-use-progress-bars-in-python-2dc436de81e5
INFO:Downloaded https://towardsdatascience.com/learning-to-use-progress-bars-in-python-2dc436de81e5
INFO:Downloaded https://towardsdatascience.com/learning-to-use-progress-bars-in-python-2dc436de81e5
INFO:Downloaded https://towardsdatascience.com/learning-to-use-progress-bars-in-python-2dc436de81e5
INFO:Downloaded https://towardsdatascience.com/learning-to-use-progress-bars-in-python-2dc436de81e5
INFO:Downloaded https://towardsdatascience.com/learning-to-use-progress-bars-in-python-2dc436de81e5
INFO:Downloaded https://towardsdatascience.com/learning-to-use-progress-bars-in-python-2dc436de81e5
INFO:Downloaded https://towardsdatascience.com/learning-to-use-progress-bars-in-python-2dc436de81e5
INFO:Downloaded https://towardsdatascience.com/learning-to-use-progress-bars-in-python-2dc436de81e5
INFO:Downloaded https://towardsdatascience.com/learning-to-use-progress-bars-in-python-2dc436de81e5
INFO:Downloaded https://towardsdatascience.com/learning-to-use-progress-bars-in-python-2dc436de81e5
INFO:Downloaded https://towardsdatascience.com/learning-to-use-progress-bars-in-python-2dc436de81e5
INFO:Downloaded https://towardsdatascience.com/learning-to-use-progress-bars-in-python-2dc436de81e5
INFO:Downloaded https://towardsdatascience.com/learning-to-use-progress-bars-in-python-2dc436de81e5
INFO:Make asstets directory tmp/towardsdatascience-com-learning-to-use-progress-bars-in-python-2dc436de81e5_files
INFO:Downloaded https://towardsdatascience.com/osd.xml
INFO:Downloaded https://towardsdatascience.com/learning-to-use-progress-bars-in-python-2dc436de81e5
INFO:Downloaded https://towardsdatascience.com/learning-to-use-progress-bars-in-python-2dc436de81e5
INFO:Downloaded https://towardsdatascience.com/learning-to-use-progress-bars-in-python-2dc436de81e5
INFO:Downloaded https://towardsdatascience.com/learning-to-use-progress-bars-in-python-2dc436de81e5
INFO:Downloaded https://towardsdatascience.com/learning-to-use-progress-bars-in-python-2dc436de81e5
INFO:Downloaded https://towardsdatascience.com/learning-to-use-progress-bars-in-python-2dc436de81e5
INFO:Downloaded https://towardsdatascience.com/learning-to-use-progress-bars-in-python-2dc436de81e5
INFO:Downloaded https://towardsdatascience.com/learning-to-use-progress-bars-in-python-2dc436de81e5
INFO:Downloaded https://towardsdatascience.com/learning-to-use-progress-bars-in-python-2dc436de81e5
INFO:Downloaded https://towardsdatascience.com/learning-to-use-progress-bars-in-python-2dc436de81e5
INFO:Downloaded https://towardsdatascience.com/learning-to-use-progress-bars-in-python-2dc436de81e5
INFO:Downloaded https://towardsdatascience.com/learning-to-use-progress-bars-in-python-2dc436de81e5
INFO:Downloaded https://towardsdatascience.com/learning-to-use-progress-bars-in-python-2dc436de81e5
INFO:Downloaded https://towardsdatascience.com/learning-to-use-progress-bars-in-python-2dc436de81e5
INFO:Downloaded https://towardsdatascience.com/learning-to-use-progress-bars-in-python-2dc436de81e5
INFO:Downloaded https://towardsdatascience.com/learning-to-use-progress-bars-in-python-2dc436de81e5
INFO:Downloaded https://towardsdatascience.com/learning-to-use-progress-bars-in-python-2dc436de81e5
INFO:Downloaded https://towardsdatascience.com/learning-to-use-progress-bars-in-python-2dc436de81e5
INFO:Downloaded https://towardsdatascience.com/learning-to-use-progress-bars-in-python-2dc436de81e5
INFO:Downloaded https://towardsdatascience.com/learning-to-use-progress-bars-in-python-2dc436de81e5
INFO:Downloaded https://towardsdatascience.com/learning-to-use-progress-bars-in-python-2dc436de81e5
INFO:Downloaded https://towardsdatascience.com/osd.xml
INFO:Downloaded https://towardsdatascience.com/learning-to-use-progress-bars-in-python-2dc436de81e5
INFO:Downloaded https://towardsdatascience.com/learning-to-use-progress-bars-in-python-2dc436de81e5
INFO:Downloaded https://towardsdatascience.com/learning-to-use-progress-bars-in-python-2dc436de81e5
INFO:Downloaded https://towardsdatascience.com/learning-to-use-progress-bars-in-python-2dc436de81e5
INFO:Downloaded https://towardsdatascience.com/learning-to-use-progress-bars-in-python-2dc436de81e5
INFO:Downloaded https://towardsdatascience.com/learning-to-use-progress-bars-in-python-2dc436de81e5
INFO:Downloaded https://towardsdatascience.com/learning-to-use-progress-bars-in-python-2dc436de81e5
INFO:Downloaded https://towardsdatascience.com/learning-to-use-progress-bars-in-python-2dc436de81e5
INFO:Downloaded https://towardsdatascience.com/learning-to-use-progress-bars-in-python-2dc436de81e5
INFO:Downloaded https://towardsdatascience.com/learning-to-use-progress-bars-in-python-2dc436de81e5
INFO:Downloaded https://towardsdatascience.com/learning-to-use-progress-bars-in-python-2dc436de81e5
INFO:Downloaded https://towardsdatascience.com/learning-to-use-progress-bars-in-python-2dc436de81e5
INFO:Downloaded https://towardsdatascience.com/learning-to-use-progress-bars-in-python-2dc436de81e5
INFO:Downloaded https://towardsdatascience.com/learning-to-use-progress-bars-in-python-2dc436de81e5
INFO:Downloaded https://towardsdatascience.com/learning-to-use-progress-bars-in-python-2dc436de81e5
INFO:Downloaded https://towardsdatascience.com/learning-to-use-progress-bars-in-python-2dc436de81e5
INFO:Downloaded https://towardsdatascience.com/learning-to-use-progress-bars-in-python-2dc436de81e5
INFO:Downloaded https://towardsdatascience.com/learning-to-use-progress-bars-in-python-2dc436de81e5
INFO:Downloaded https://towardsdatascience.com/learning-to-use-progress-bars-in-python-2dc436de81e5
INFO:Downloaded https://towardsdatascience.com/learning-to-use-progress-bars-in-python-2dc436de81e5
INFO:Downloaded https://towardsdatascience.com/learning-to-use-progress-bars-in-python-2dc436de81e5
INFO:Make asstets directory tmp/pytest-org-en-latest-how-to-assert_files
INFO:Downloaded https://pytest.org/en/latest/_static/pygments.css
INFO:Downloaded https://pytest.org/en/latest/_static/flask.css
INFO:Downloaded https://pytest.org/en/latest/_static/pygments_pytest.css
INFO:Downloaded https://pytest.org/en/latest/_static/documentation_options.js
INFO:Downloaded https://pytest.org/en/latest/_static/jquery.js
INFO:Downloaded https://pytest.org/en/latest/_static/underscore.js
INFO:Downloaded https://pytest.org/en/latest/_static/doctools.js
INFO:Downloaded https://pytest.org/en/latest/_static/favicon.png
INFO:Downloaded https://pytest.org/en/latest/genindex.html
INFO:Downloaded https://pytest.org/en/latest/search.html
INFO:Downloaded https://pytest.org/en/latest/how-to/fixtures.html
INFO:Downloaded https://pytest.org/en/latest/how-to/usage.html
INFO:Downloaded https://pytest.org/en/latest/how-to/assert.html?roistat_visit=189542#assertions-about-expected-exceptions
INFO:Downloaded https://pytest.org/en/latest/how-to/assert.html?roistat_visit=189542#assertions-about-expected-exceptions
INFO:Downloaded https://pytest.org/en/latest/how-to/assert.html?roistat_visit=189542#assertions-about-expected-exceptions
INFO:Downloaded https://pytest.org/en/latest/_static/pytest_logo_curves.svg
INFO:Downloaded https://pytest.org/en/latest/how-to/assert.html?roistat_visit=189542#assertions-about-expected-exceptions
INFO:Downloaded https://pytest.org/en/latest/how-to/assert.html?roistat_visit=189542#assertions-about-expected-exceptions
INFO:Downloaded https://pytest.org/en/latest/_static/version_warning_offset.js
INFO:Make asstets directory tmp/pytest-org-en-latest-how-to-assert.html?roistat_visit=189542#assertions-about-expected-exceptions_files
INFO:Downloaded https://pytest.org/en/latest/_static/pygments.css
INFO:Downloaded https://pytest.org/en/latest/_static/flask.css
INFO:Downloaded https://pytest.org/en/latest/_static/pygments_pytest.css
INFO:Downloaded https://pytest.org/en/latest/_static/documentation_options.js
INFO:Downloaded https://pytest.org/en/latest/_static/jquery.js
INFO:Downloaded https://pytest.org/en/latest/_static/underscore.js
INFO:Downloaded https://pytest.org/en/latest/_static/doctools.js
INFO:Downloaded https://pytest.org/en/latest/_static/favicon.png
INFO:Downloaded https://pytest.org/en/latest/genindex.html
INFO:Downloaded https://pytest.org/en/latest/search.html
INFO:Downloaded https://pytest.org/en/latest/how-to/fixtures.html
INFO:Downloaded https://pytest.org/en/latest/how-to/usage.html
INFO:Downloaded https://pytest.org/en/latest/how-to/assert.html?roistat_visit=189542#assertions-about-expected-exceptions
INFO:Downloaded https://pytest.org/en/latest/how-to/assert.html?roistat_visit=189542#assertions-about-expected-exceptions
INFO:Downloaded https://pytest.org/en/latest/how-to/assert.html?roistat_visit=189542#assertions-about-expected-exceptions
INFO:Downloaded https://pytest.org/en/latest/_static/pytest_logo_curves.svg
INFO:Downloaded https://pytest.org/en/latest/how-to/assert.html?roistat_visit=189542#assertions-about-expected-exceptions
INFO:Downloaded https://pytest.org/en/latest/how-to/assert.html?roistat_visit=189542#assertions-about-expected-exceptions
INFO:Downloaded https://pytest.org/en/latest/_static/version_warning_offset.js
